1658834008868	geckodriver	INFO	Listening on 127.0.0.1:14949
1658834011966	mozrunner::runner	INFO	Running command: "C:\\Program Files (x86)\\Mozilla Firefox\\firefox.exe" "--marionette" "--remote-debugging-port" "14950" "--remote-allow-hosts" "localhost" "-no-remote" "-profile" "C:\\Users\\EUGENE~1\\AppData\\Local\\Temp\\rust_mozprofileCkwBRk"
1658834023033	Marionette	INFO	Marionette enabled
1658834023066	Marionette	INFO	Listening on port 1038
Read port: 1038
WebDriver BiDi listening on ws://localhost:14950
Read port: 1038
1658834026972	RemoteAgent	WARN	TLS certificate errors will be ignored for this session
console.error: Region.jsm: "Error fetching region" (new Error("TIMEOUT", "resource://gre/modules/Region.jsm", 767))
console.error: Region.jsm: "Failed to fetch region" (new Error("TIMEOUT", "resource://gre/modules/Region.jsm", 419))
console.warn: SearchSettings: "get: No settings file exists, new profile?" (new NotFoundError("Could not open the file at C:\\Users\\EUGENE~1\\AppData\\Local\\Temp\\rust_mozprofileCkwBRk\\search.json.mozlz4", (void 0)))
DevTools listening on ws://localhost:14950/devtools/browser/0885d838-4bb7-451c-97b2-a98b1409bda6
1658834064714	Marionette	WARN	TimedPromise timed out after 500 ms: stacktrace:
TimedPromise/<@chrome://remote/content/marionette/sync.js:234:19
TimedPromise@chrome://remote/content/marionette/sync.js:219:10
interaction.flushEventLoop@chrome://remote/content/marionette/interaction.js:431:10
webdriverClickElement@chrome://remote/content/marionette/interaction.js:179:31
1658834083031	Marionette	WARN	TimedPromise timed out after 500 ms: stacktrace:
TimedPromise/<@chrome://remote/content/marionette/sync.js:234:19
TimedPromise@chrome://remote/content/marionette/sync.js:219:10
interaction.flushEventLoop@chrome://remote/content/marionette/interaction.js:431:10
webdriverClickElement@chrome://remote/content/marionette/interaction.js:179:31
1658834093973	Marionette	INFO	Stopped listening on port 1038
[Parent 14632, IPC I/O Parent] WARNING: file /builds/worker/checkouts/gecko/ipc/chromium/src/base/process_util_win.cc:167
1658834157927	geckodriver	INFO	Listening on 127.0.0.1:1509
1658834160951	mozrunner::runner	INFO	Running command: "C:\\Program Files (x86)\\Mozilla Firefox\\firefox.exe" "--marionette" "--remote-debugging-port" "1510" "--remote-allow-hosts" "localhost" "-no-remote" "-profile" "C:\\Users\\EUGENE~1\\AppData\\Local\\Temp\\rust_mozprofile4rU4Zi"
1658834162750	Marionette	INFO	Marionette enabled
1658834162758	Marionette	INFO	Listening on port 1534
WebDriver BiDi listening on ws://localhost:1510
Read port: 1534
1658834163723	RemoteAgent	WARN	TLS certificate errors will be ignored for this session
console.warn: SearchSettings: "get: No settings file exists, new profile?" (new NotFoundError("Could not open the file at C:\\Users\\EUGENE~1\\AppData\\Local\\Temp\\rust_mozprofile4rU4Zi\\search.json.mozlz4", (void 0)))
DevTools listening on ws://localhost:1510/devtools/browser/c1287503-a6ee-4764-b299-0f2acea088bc
1658834188343	Marionette	INFO	Stopped listening on port 1534
1658868873487	geckodriver	INFO	Listening on 127.0.0.1:7024
1658868876512	mozrunner::runner	INFO	Running command: "C:\\Program Files (x86)\\Mozilla Firefox\\firefox.exe" "--marionette" "--remote-debugging-port" "7025" "--remote-allow-hosts" "localhost" "-no-remote" "-profile" "C:\\Users\\EUGENE~1\\AppData\\Local\\Temp\\rust_mozprofileWOxXBo"
1658868885466	Marionette	INFO	Marionette enabled
1658868885499	Marionette	INFO	Listening on port 7054
WebDriver BiDi listening on ws://localhost:7025
Read port: 7054
Read port: 7054
1658868888972	RemoteAgent	WARN	TLS certificate errors will be ignored for this session
console.error: Region.jsm: "Error fetching region" (new Error("TIMEOUT", "resource://gre/modules/Region.jsm", 767))
console.error: Region.jsm: "Failed to fetch region" (new Error("TIMEOUT", "resource://gre/modules/Region.jsm", 419))
console.warn: SearchSettings: "get: No settings file exists, new profile?" (new NotFoundError("Could not open the file at C:\\Users\\EUGENE~1\\AppData\\Local\\Temp\\rust_mozprofileWOxXBo\\search.json.mozlz4", (void 0)))
DevTools listening on ws://localhost:7025/devtools/browser/9d28dec7-7072-4bd1-a1b1-8062e7441500
1658868919514	Marionette	INFO	Stopped listening on port 7054
[Parent 10812, IPC I/O Parent] WARNING: file /builds/worker/checkouts/gecko/ipc/chromium/src/base/process_util_win.cc:167
[Parent 10812, IPC I/O Parent] WARNING: file /builds/worker/checkouts/gecko/ipc/chromium/src/base/process_util_win.cc:167
1659011919036	geckodriver	INFO	Listening on 127.0.0.1:9816
1659011922231	mozrunner::runner	INFO	Running command: "C:\\Program Files (x86)\\Mozilla Firefox\\firefox.exe" "--marionette" "--remote-debugging-port" "9817" "--remote-allow-hosts" "localhost" "-no-remote" "-profile" "C:\\Users\\EUGENE~1\\AppData\\Local\\Temp\\rust_mozprofileJuREqe"
1659011941975	Marionette	INFO	Marionette enabled
1659011942045	Marionette	INFO	Listening on port 9865
Read port: 9865
WebDriver BiDi listening on ws://localhost:9817
1659011944308	RemoteAgent	WARN	TLS certificate errors will be ignored for this session
console.error: Region.jsm: "Error fetching region" (new Error("TIMEOUT", "resource://gre/modules/Region.jsm", 769))
console.error: Region.jsm: "Failed to fetch region" (new Error("TIMEOUT", "resource://gre/modules/Region.jsm", 421))
console.warn: SearchSettings: "get: No settings file exists, new profile?" (new NotFoundError("Could not open the file at C:\\Users\\EUGENE~1\\AppData\\Local\\Temp\\rust_mozprofileJuREqe\\search.json.mozlz4", (void 0)))
DevTools listening on ws://localhost:9817/devtools/browser/780a2d2e-8915-4d56-b374-0ea36f56489b
1659012075872	Marionette	WARN	TimedPromise timed out after 500 ms: stacktrace:
TimedPromise/<@chrome://remote/content/marionette/sync.js:237:24
TimedPromise@chrome://remote/content/marionette/sync.js:222:10
interaction.flushEventLoop@chrome://remote/content/marionette/interaction.js:431:10
webdriverClickElement@chrome://remote/content/marionette/interaction.js:179:31
JavaScript error: https://maxcdn.bootstrapcdn.com/bootstrap/4.5.2/js/bootstrap.min.js, line 6: TypeError: Bootstrap's JavaScript requires jQuery. jQuery must be included before Bootstrap's JavaScript.
1659012711454	Marionette	INFO	Stopped listening on port 9865
[Parent 19176, IPC I/O Parent] WARNING: file /builds/worker/checkouts/gecko/ipc/chromium/src/base/process_util_win.cc:167
console.warn: TopSitesFeed: Failed to fetch data from Contile server: NetworkError when attempting to fetch resource.
[Parent 19176, IPC I/O Parent] WARNING: file /builds/worker/checkouts/gecko/ipc/chromium/src/base/process_util_win.cc:167
